2016-04-28 22:29:04,963 [Worker-2] ERROR o.e.m.c.i.p.ProjectConfigurationManager - Project jersyRestApi already exists
2016-04-28 22:29:04,971 [Worker-2] ERROR o.e.m.c.i.p.ProjectConfigurationManager - Project jersyRestApi already exists
2016-04-28 22:29:06,961 [Worker-2] INFO  o.e.m.c.i.l.LifecycleMappingFactory - Using org.maven.ide.eclipse.wtp.WarLifecycleMapping lifecycle mapping for MavenProject: com.sn:jersyRestApi:0.0.1-SNAPSHOT @ D:\rama\rama\project-templates\jersy-restproject\jersyRestApi\target\m2e-wtp\web-resources\META-INF\maven\com.sn\jersyRestApi\pom.xml.
2016-04-28 22:29:08,631 [Worker-2] INFO  o.e.m.j.i.AbstractJavaProjectConfigurator - Adding source folder /jersyRestApi/src/main/java
2016-04-28 22:29:08,631 [Worker-2] INFO  o.e.m.j.i.AbstractJavaProjectConfigurator - Adding source folder /jersyRestApi/src/test/java
2016-04-28 22:29:08,635 [Worker-5] INFO  o.e.m.c.i.l.LifecycleMappingFactory - Using org.maven.ide.eclipse.wtp.WarLifecycleMapping lifecycle mapping for MavenProject: com.sn:jersyRestApi:0.0.1-SNAPSHOT @ D:\rama\rama\project-templates\jersy-restproject\jersyRestApi\target\m2e-wtp\web-resources\META-INF\maven\com.sn\jersyRestApi\pom.xml.
2016-04-28 22:29:11,060 [Worker-2] INFO  o.e.m.c.i.p.ProjectConfigurationManager - Imported and configured 3 project(s) in 6 sec
2016-04-28 22:29:12,482 [Worker-2] INFO  o.e.m.c.i.l.LifecycleMappingFactory - Using org.maven.ide.eclipse.wtp.WarLifecycleMapping lifecycle mapping for MavenProject: com.sn:jersyRestApi:0.0.1-SNAPSHOT @ D:\rama\rama\project-templates\jersy-restproject\jersyRestApi\target\m2e-wtp\web-resources\META-INF\maven\com.sn\jersyRestApi\pom.xml.
2016-04-28 22:29:12,636 [Worker-2] WARN  o.e.m.c.i.embedder.EclipseLogger - Using platform encoding (Cp1252 actually) to copy filtered resources, i.e. build is platform dependent!
2016-04-28 22:29:12,641 [Worker-2] INFO  o.e.m.c.i.embedder.EclipseLogger - skip non existing resourceDirectory D:\rama\rama\project-templates\jersy-restproject\jersyRestApi\target\m2e-wtp\web-resources\META-INF\maven\com.sn\jersyRestApi\src\main\resources
2016-04-28 22:29:12,643 [Worker-2] WARN  o.e.m.c.i.embedder.EclipseLogger - Using platform encoding (Cp1252 actually) to copy filtered resources, i.e. build is platform dependent!
2016-04-28 22:29:12,649 [Worker-2] INFO  o.e.m.c.i.embedder.EclipseLogger - skip non existing resourceDirectory D:\rama\rama\project-templates\jersy-restproject\jersyRestApi\target\m2e-wtp\web-resources\META-INF\maven\com.sn\jersyRestApi\src\test\resources
2016-04-28 22:30:58,614 [Worker-0] INFO  o.e.m.c.i.l.LifecycleMappingFactory - Using org.maven.ide.eclipse.wtp.WarLifecycleMapping lifecycle mapping for MavenProject: com.sn:jersyRestApi:0.0.1-SNAPSHOT @ D:\rama\rama\project-templates\jersy-restproject\jersyRestApi\target\m2e-wtp\web-resources\META-INF\maven\com.sn\jersyRestApi\pom.xml.
2016-04-28 22:30:58,645 [Worker-7] INFO  o.e.m.c.i.l.LifecycleMappingFactory - Using org.maven.ide.eclipse.wtp.WarLifecycleMapping lifecycle mapping for MavenProject: com.sn:jersyRestApi:0.0.1-SNAPSHOT @ D:\rama\rama\project-templates\jersy-restproject\jersyRestApi\target\m2e-wtp\web-resources\META-INF\maven\com.sn\jersyRestApi\pom.xml.
2016-04-28 22:30:58,848 [Worker-7] WARN  o.e.m.c.i.embedder.EclipseLogger - Using platform encoding (Cp1252 actually) to copy filtered resources, i.e. build is platform dependent!
2016-04-28 22:30:58,848 [Worker-7] INFO  o.e.m.c.i.embedder.EclipseLogger - skip non existing resourceDirectory D:\rama\rama\project-templates\jersy-restproject\jersyRestApi\target\m2e-wtp\web-resources\META-INF\maven\com.sn\jersyRestApi\src\main\resources
2016-04-28 22:30:58,848 [Worker-7] WARN  o.e.m.c.i.embedder.EclipseLogger - Using platform encoding (Cp1252 actually) to copy filtered resources, i.e. build is platform dependent!
2016-04-28 22:30:58,848 [Worker-7] INFO  o.e.m.c.i.embedder.EclipseLogger - skip non existing resourceDirectory D:\rama\rama\project-templates\jersy-restproject\jersyRestApi\target\m2e-wtp\web-resources\META-INF\maven\com.sn\jersyRestApi\src\test\resources
2016-04-28 22:30:59,981 [Worker-7] INFO  o.e.m.c.i.l.LifecycleMappingFactory - Using org.maven.ide.eclipse.wtp.WarLifecycleMapping lifecycle mapping for MavenProject: com.sn:jersyRestApi:0.0.1-SNAPSHOT @ D:\rama\rama\project-templates\jersy-restproject\jersyRestApi\target\m2e-wtp\web-resources\META-INF\maven\com.sn\jersyRestApi\pom.xml.
2016-04-28 22:31:00,309 [Worker-0] WARN  o.e.m.c.i.embedder.EclipseLogger - Using platform encoding (Cp1252 actually) to copy filtered resources, i.e. build is platform dependent!
2016-04-28 22:31:00,309 [Worker-0] INFO  o.e.m.c.i.embedder.EclipseLogger - skip non existing resourceDirectory D:\rama\rama\project-templates\jersy-restproject\jersyRestApi\target\m2e-wtp\web-resources\META-INF\maven\com.sn\jersyRestApi\src\main\resources
2016-04-28 22:31:00,309 [Worker-0] WARN  o.e.m.c.i.embedder.EclipseLogger - Using platform encoding (Cp1252 actually) to copy filtered resources, i.e. build is platform dependent!
2016-04-28 22:31:00,325 [Worker-0] INFO  o.e.m.c.i.embedder.EclipseLogger - skip non existing resourceDirectory D:\rama\rama\project-templates\jersy-restproject\jersyRestApi\target\m2e-wtp\web-resources\META-INF\maven\com.sn\jersyRestApi\src\test\resources
2016-04-28 22:31:16,648 [Worker-4] INFO  o.e.m.c.i.l.LifecycleMappingFactory - Using org.maven.ide.eclipse.wtp.WarLifecycleMapping lifecycle mapping for MavenProject: com.sn:jersySpringRestApi:0.0.1-SNAPSHOT @ D:\rama\rama\project-templates\jersy-restproject\jersyRestApi\target\m2e-wtp\web-resources\META-INF\maven\com.sn\jersyRestApi\pom.xml.
2016-04-28 22:31:16,726 [Worker-4] WARN  o.e.m.c.i.embedder.EclipseLogger - Using platform encoding (Cp1252 actually) to copy filtered resources, i.e. build is platform dependent!
2016-04-28 22:31:16,726 [Worker-4] INFO  o.e.m.c.i.embedder.EclipseLogger - skip non existing resourceDirectory D:\rama\rama\project-templates\jersy-restproject\jersyRestApi\target\m2e-wtp\web-resources\META-INF\maven\com.sn\jersyRestApi\src\main\resources
2016-04-28 22:31:16,726 [Worker-4] WARN  o.e.m.c.i.embedder.EclipseLogger - Using platform encoding (Cp1252 actually) to copy filtered resources, i.e. build is platform dependent!
2016-04-28 22:31:16,726 [Worker-4] INFO  o.e.m.c.i.embedder.EclipseLogger - skip non existing resourceDirectory D:\rama\rama\project-templates\jersy-restproject\jersyRestApi\target\m2e-wtp\web-resources\META-INF\maven\com.sn\jersyRestApi\src\test\resources
2016-04-28 22:31:16,726 [Worker-4] INFO  o.e.m.w.i.f.ResourceFilteringBuildParticipant - Changed resources require a complete clean of filtered resources of jersySpingRestApi
2016-04-28 22:31:16,742 [Worker-4] INFO  o.e.m.w.i.f.ResourceFilteringBuildParticipant - Executing resource filtering for jersySpingRestApi
2016-04-28 22:31:16,742 [Worker-4] WARN  o.e.m.c.i.embedder.EclipseLogger - Using platform encoding (Cp1252 actually) to copy filtered resources, i.e. build is platform dependent!
2016-04-28 22:31:40,295 [Worker-2] INFO  o.e.m.c.i.l.LifecycleMappingFactory - Using org.maven.ide.eclipse.wtp.WarLifecycleMapping lifecycle mapping for MavenProject: com.sn:jersyRestApi:0.0.1-SNAPSHOT @ D:\rama\rama\project-templates\jersy-restproject\jersyRestApiEmbeddedJetty\target\m2e-wtp\web-resources\META-INF\maven\com.sn\jersyRestApi\pom.xml.
2016-04-28 22:31:40,405 [Worker-2] INFO  o.e.m.j.i.AbstractJavaProjectConfigurator - Adding source folder /jersyRestApi/src/main/java
2016-04-28 22:31:40,405 [Worker-2] INFO  o.e.m.j.i.AbstractJavaProjectConfigurator - Adding source folder /jersyRestApi/src/test/java
2016-04-28 22:31:40,780 [Worker-2] INFO  o.e.m.c.i.p.ProjectConfigurationManager - Imported and configured 1 project(s) in 0 sec
2016-04-28 22:31:41,170 [Worker-1] INFO  o.e.m.c.i.l.LifecycleMappingFactory - Using org.maven.ide.eclipse.wtp.WarLifecycleMapping lifecycle mapping for MavenProject: com.sn:jersyRestApi:0.0.1-SNAPSHOT @ D:\rama\rama\project-templates\jersy-restproject\jersyRestApiEmbeddedJetty\target\m2e-wtp\web-resources\META-INF\maven\com.sn\jersyRestApi\pom.xml.
2016-04-28 22:31:41,360 [Worker-1] WARN  o.e.m.c.i.embedder.EclipseLogger - Using platform encoding (Cp1252 actually) to copy filtered resources, i.e. build is platform dependent!
2016-04-28 22:31:41,377 [Worker-1] INFO  o.e.m.c.i.embedder.EclipseLogger - skip non existing resourceDirectory D:\rama\rama\project-templates\jersy-restproject\jersyRestApiEmbeddedJetty\target\m2e-wtp\web-resources\META-INF\maven\com.sn\jersyRestApi\src\main\resources
2016-04-28 22:31:41,383 [Worker-1] WARN  o.e.m.c.i.embedder.EclipseLogger - Using platform encoding (Cp1252 actually) to copy filtered resources, i.e. build is platform dependent!
2016-04-28 22:31:41,399 [Worker-1] INFO  o.e.m.c.i.embedder.EclipseLogger - skip non existing resourceDirectory D:\rama\rama\project-templates\jersy-restproject\jersyRestApiEmbeddedJetty\target\m2e-wtp\web-resources\META-INF\maven\com.sn\jersyRestApi\src\test\resources
2016-04-28 22:31:41,911 [Worker-1] INFO  o.e.m.c.i.l.LifecycleMappingFactory - Using org.maven.ide.eclipse.wtp.WarLifecycleMapping lifecycle mapping for MavenProject: com.sn:jersyRestApi:0.0.1-SNAPSHOT @ D:\rama\rama\project-templates\jersy-restproject\jersyRestApiEmbeddedJetty\target\m2e-wtp\web-resources\META-INF\maven\com.sn\jersyRestApi\pom.xml.
2016-04-28 22:31:42,460 [Worker-2] WARN  o.e.m.c.i.embedder.EclipseLogger - Using platform encoding (Cp1252 actually) to copy filtered resources, i.e. build is platform dependent!
2016-04-28 22:31:42,491 [Worker-2] INFO  o.e.m.c.i.embedder.EclipseLogger - skip non existing resourceDirectory D:\rama\rama\project-templates\jersy-restproject\jersyRestApiEmbeddedJetty\target\m2e-wtp\web-resources\META-INF\maven\com.sn\jersyRestApi\src\main\resources
2016-04-28 22:31:42,491 [Worker-2] WARN  o.e.m.c.i.embedder.EclipseLogger - Using platform encoding (Cp1252 actually) to copy filtered resources, i.e. build is platform dependent!
2016-04-28 22:31:42,491 [Worker-2] INFO  o.e.m.c.i.embedder.EclipseLogger - skip non existing resourceDirectory D:\rama\rama\project-templates\jersy-restproject\jersyRestApiEmbeddedJetty\target\m2e-wtp\web-resources\META-INF\maven\com.sn\jersyRestApi\src\test\resources
2016-04-28 22:33:11,326 [Worker-0] INFO  o.e.m.c.i.l.LifecycleMappingFactory - Using org.maven.ide.eclipse.wtp.WarLifecycleMapping lifecycle mapping for MavenProject: com.sn:jersyRestApi:0.0.1-SNAPSHOT @ D:\rama\rama\project-templates\jersy-restproject\jersyRestApiEmbeddedJetty\target\m2e-wtp\web-resources\META-INF\maven\com.sn\jersyRestApi\pom.xml.
2016-04-28 22:33:11,358 [Worker-0] WARN  o.e.m.c.i.embedder.EclipseLogger - Using platform encoding (Cp1252 actually) to copy filtered resources, i.e. build is platform dependent!
2016-04-28 22:33:11,373 [Worker-0] INFO  o.e.m.c.i.embedder.EclipseLogger - skip non existing resourceDirectory D:\rama\rama\project-templates\jersy-restproject\jersyRestApiEmbeddedJetty\target\m2e-wtp\web-resources\META-INF\maven\com.sn\jersyRestApi\src\main\resources
2016-04-28 22:33:11,373 [Worker-0] WARN  o.e.m.c.i.embedder.EclipseLogger - Using platform encoding (Cp1252 actually) to copy filtered resources, i.e. build is platform dependent!
2016-04-28 22:33:11,373 [Worker-0] INFO  o.e.m.c.i.embedder.EclipseLogger - skip non existing resourceDirectory D:\rama\rama\project-templates\jersy-restproject\jersyRestApiEmbeddedJetty\target\m2e-wtp\web-resources\META-INF\maven\com.sn\jersyRestApi\src\test\resources
2016-04-28 22:33:11,847 [Worker-3] INFO  o.e.m.c.i.l.LifecycleMappingFactory - Using org.maven.ide.eclipse.wtp.WarLifecycleMapping lifecycle mapping for MavenProject: com.sn:jersyRestApi:0.0.1-SNAPSHOT @ D:\rama\rama\project-templates\jersy-restproject\jersyRestApiEmbeddedJetty\target\m2e-wtp\web-resources\META-INF\maven\com.sn\jersyRestApi\pom.xml.
2016-04-28 22:33:12,441 [Worker-7] WARN  o.e.m.c.i.embedder.EclipseLogger - Using platform encoding (Cp1252 actually) to copy filtered resources, i.e. build is platform dependent!
2016-04-28 22:33:12,441 [Worker-7] INFO  o.e.m.c.i.embedder.EclipseLogger - skip non existing resourceDirectory D:\rama\rama\project-templates\jersy-restproject\jersyRestApiEmbeddedJetty\target\m2e-wtp\web-resources\META-INF\maven\com.sn\jersyRestApi\src\main\resources
2016-04-28 22:33:12,441 [Worker-7] WARN  o.e.m.c.i.embedder.EclipseLogger - Using platform encoding (Cp1252 actually) to copy filtered resources, i.e. build is platform dependent!
2016-04-28 22:33:12,457 [Worker-7] INFO  o.e.m.c.i.embedder.EclipseLogger - skip non existing resourceDirectory D:\rama\rama\project-templates\jersy-restproject\jersyRestApiEmbeddedJetty\target\m2e-wtp\web-resources\META-INF\maven\com.sn\jersyRestApi\src\test\resources
2016-04-28 22:33:37,216 [Worker-7] INFO  o.e.m.c.i.l.LifecycleMappingFactory - Using org.maven.ide.eclipse.wtp.WarLifecycleMapping lifecycle mapping for MavenProject: com.sn:jersySpingRestApiEmbededJetty:0.0.1-SNAPSHOT @ D:\rama\rama\project-templates\jersy-restproject\jersyRestApiEmbeddedJetty\target\m2e-wtp\web-resources\META-INF\maven\com.sn\jersyRestApi\pom.xml.
2016-04-28 22:33:37,294 [Worker-7] WARN  o.e.m.c.i.embedder.EclipseLogger - Using platform encoding (Cp1252 actually) to copy filtered resources, i.e. build is platform dependent!
2016-04-28 22:33:37,294 [Worker-7] INFO  o.e.m.c.i.embedder.EclipseLogger - skip non existing resourceDirectory D:\rama\rama\project-templates\jersy-restproject\jersyRestApiEmbeddedJetty\target\m2e-wtp\web-resources\META-INF\maven\com.sn\jersyRestApi\src\main\resources
2016-04-28 22:33:37,294 [Worker-7] WARN  o.e.m.c.i.embedder.EclipseLogger - Using platform encoding (Cp1252 actually) to copy filtered resources, i.e. build is platform dependent!
2016-04-28 22:33:37,294 [Worker-7] INFO  o.e.m.c.i.embedder.EclipseLogger - skip non existing resourceDirectory D:\rama\rama\project-templates\jersy-restproject\jersyRestApiEmbeddedJetty\target\m2e-wtp\web-resources\META-INF\maven\com.sn\jersyRestApi\src\test\resources
2016-04-28 22:33:37,294 [Worker-7] INFO  o.e.m.w.i.f.ResourceFilteringBuildParticipant - Changed resources require a complete clean of filtered resources of jersySpringRestApiEmbededJetty
2016-04-28 22:33:37,294 [Worker-7] INFO  o.e.m.w.i.f.ResourceFilteringBuildParticipant - Executing resource filtering for jersySpringRestApiEmbededJetty
2016-04-28 22:33:37,294 [Worker-7] WARN  o.e.m.c.i.embedder.EclipseLogger - Using platform encoding (Cp1252 actually) to copy filtered resources, i.e. build is platform dependent!
2016-04-28 22:34:11,346 [Worker-3] INFO  o.e.m.c.i.l.LifecycleMappingFactory - Using org.maven.ide.eclipse.wtp.WarLifecycleMapping lifecycle mapping for MavenProject: com.sn:jersyRestApi:0.0.1-SNAPSHOT @ D:\rama\rama\project-templates\jersy-restproject\jersySpringSqliteRestApi\target\m2e-wtp\web-resources\META-INF\maven\com.sn\jersyRestApi\pom.xml.
2016-04-28 22:34:11,450 [Worker-3] INFO  o.e.m.j.i.AbstractJavaProjectConfigurator - Adding source folder /jersyRestApi/src/main/java
2016-04-28 22:34:11,450 [Worker-3] INFO  o.e.m.j.i.AbstractJavaProjectConfigurator - Adding source folder /jersyRestApi/src/test/java
2016-04-28 22:34:11,642 [Worker-3] INFO  o.e.m.c.i.p.ProjectConfigurationManager - Imported and configured 1 project(s) in 0 sec
2016-04-28 22:34:12,114 [Worker-2] INFO  o.e.m.c.i.l.LifecycleMappingFactory - Using org.maven.ide.eclipse.wtp.WarLifecycleMapping lifecycle mapping for MavenProject: com.sn:jersyRestApi:0.0.1-SNAPSHOT @ D:\rama\rama\project-templates\jersy-restproject\jersySpringSqliteRestApi\target\m2e-wtp\web-resources\META-INF\maven\com.sn\jersyRestApi\pom.xml.
2016-04-28 22:34:12,218 [Worker-2] WARN  o.e.m.c.i.embedder.EclipseLogger - Using platform encoding (Cp1252 actually) to copy filtered resources, i.e. build is platform dependent!
2016-04-28 22:34:12,222 [Worker-2] INFO  o.e.m.c.i.embedder.EclipseLogger - skip non existing resourceDirectory D:\rama\rama\project-templates\jersy-restproject\jersySpringSqliteRestApi\target\m2e-wtp\web-resources\META-INF\maven\com.sn\jersyRestApi\src\main\resources
2016-04-28 22:34:12,222 [Worker-2] WARN  o.e.m.c.i.embedder.EclipseLogger - Using platform encoding (Cp1252 actually) to copy filtered resources, i.e. build is platform dependent!
2016-04-28 22:34:12,226 [Worker-2] INFO  o.e.m.c.i.embedder.EclipseLogger - skip non existing resourceDirectory D:\rama\rama\project-templates\jersy-restproject\jersySpringSqliteRestApi\target\m2e-wtp\web-resources\META-INF\maven\com.sn\jersyRestApi\src\test\resources
2016-04-28 22:34:12,830 [Worker-0] INFO  o.e.m.c.i.l.LifecycleMappingFactory - Using org.maven.ide.eclipse.wtp.WarLifecycleMapping lifecycle mapping for MavenProject: com.sn:jersyRestApi:0.0.1-SNAPSHOT @ D:\rama\rama\project-templates\jersy-restproject\jersySpringSqliteRestApi\target\m2e-wtp\web-resources\META-INF\maven\com.sn\jersyRestApi\pom.xml.
2016-04-28 22:34:13,271 [Worker-7] WARN  o.e.m.c.i.embedder.EclipseLogger - Using platform encoding (Cp1252 actually) to copy filtered resources, i.e. build is platform dependent!
2016-04-28 22:34:13,287 [Worker-7] INFO  o.e.m.c.i.embedder.EclipseLogger - skip non existing resourceDirectory D:\rama\rama\project-templates\jersy-restproject\jersySpringSqliteRestApi\target\m2e-wtp\web-resources\META-INF\maven\com.sn\jersyRestApi\src\main\resources
2016-04-28 22:34:13,291 [Worker-7] WARN  o.e.m.c.i.embedder.EclipseLogger - Using platform encoding (Cp1252 actually) to copy filtered resources, i.e. build is platform dependent!
2016-04-28 22:34:13,295 [Worker-7] INFO  o.e.m.c.i.embedder.EclipseLogger - skip non existing resourceDirectory D:\rama\rama\project-templates\jersy-restproject\jersySpringSqliteRestApi\target\m2e-wtp\web-resources\META-INF\maven\com.sn\jersyRestApi\src\test\resources
2016-04-28 22:34:32,943 [Worker-1] INFO  o.e.m.c.i.l.LifecycleMappingFactory - Using org.maven.ide.eclipse.wtp.WarLifecycleMapping lifecycle mapping for MavenProject: com.sn:jersyRestApi:0.0.1-SNAPSHOT @ D:\rama\rama\project-templates\jersy-restproject\jersySpringSqliteRestApi\target\m2e-wtp\web-resources\META-INF\maven\com.sn\jersyRestApi\pom.xml.
2016-04-28 22:34:32,974 [Worker-1] WARN  o.e.m.c.i.embedder.EclipseLogger - Using platform encoding (Cp1252 actually) to copy filtered resources, i.e. build is platform dependent!
2016-04-28 22:34:32,990 [Worker-1] INFO  o.e.m.c.i.embedder.EclipseLogger - skip non existing resourceDirectory D:\rama\rama\project-templates\jersy-restproject\jersySpringSqliteRestApi\target\m2e-wtp\web-resources\META-INF\maven\com.sn\jersyRestApi\src\main\resources
2016-04-28 22:34:32,990 [Worker-1] WARN  o.e.m.c.i.embedder.EclipseLogger - Using platform encoding (Cp1252 actually) to copy filtered resources, i.e. build is platform dependent!
2016-04-28 22:34:33,006 [Worker-1] INFO  o.e.m.c.i.embedder.EclipseLogger - skip non existing resourceDirectory D:\rama\rama\project-templates\jersy-restproject\jersySpringSqliteRestApi\target\m2e-wtp\web-resources\META-INF\maven\com.sn\jersyRestApi\src\test\resources
2016-04-28 22:34:33,129 [Worker-6] INFO  o.e.m.c.i.l.LifecycleMappingFactory - Using org.maven.ide.eclipse.wtp.WarLifecycleMapping lifecycle mapping for MavenProject: com.sn:jersyRestApi:0.0.1-SNAPSHOT @ D:\rama\rama\project-templates\jersy-restproject\jersySpringSqliteRestApi\target\m2e-wtp\web-resources\META-INF\maven\com.sn\jersyRestApi\pom.xml.
2016-04-28 22:34:34,109 [Worker-0] WARN  o.e.m.c.i.embedder.EclipseLogger - Using platform encoding (Cp1252 actually) to copy filtered resources, i.e. build is platform dependent!
2016-04-28 22:34:34,109 [Worker-0] INFO  o.e.m.c.i.embedder.EclipseLogger - skip non existing resourceDirectory D:\rama\rama\project-templates\jersy-restproject\jersySpringSqliteRestApi\target\m2e-wtp\web-resources\META-INF\maven\com.sn\jersyRestApi\src\main\resources
2016-04-28 22:34:34,109 [Worker-0] WARN  o.e.m.c.i.embedder.EclipseLogger - Using platform encoding (Cp1252 actually) to copy filtered resources, i.e. build is platform dependent!
2016-04-28 22:34:34,125 [Worker-0] INFO  o.e.m.c.i.embedder.EclipseLogger - skip non existing resourceDirectory D:\rama\rama\project-templates\jersy-restproject\jersySpringSqliteRestApi\target\m2e-wtp\web-resources\META-INF\maven\com.sn\jersyRestApi\src\test\resources
2016-04-28 22:34:53,118 [Worker-0] INFO  o.e.m.c.i.l.LifecycleMappingFactory - Using org.maven.ide.eclipse.wtp.WarLifecycleMapping lifecycle mapping for MavenProject: com.sn:jersySpringSqliteRestApi:0.0.1-SNAPSHOT @ D:\rama\rama\project-templates\jersy-restproject\jersySpringSqliteRestApi\target\m2e-wtp\web-resources\META-INF\maven\com.sn\jersyRestApi\pom.xml.
2016-04-28 22:34:53,259 [Worker-0] WARN  o.e.m.c.i.embedder.EclipseLogger - Using platform encoding (Cp1252 actually) to copy filtered resources, i.e. build is platform dependent!
2016-04-28 22:34:53,259 [Worker-0] INFO  o.e.m.c.i.embedder.EclipseLogger - skip non existing resourceDirectory D:\rama\rama\project-templates\jersy-restproject\jersySpringSqliteRestApi\target\m2e-wtp\web-resources\META-INF\maven\com.sn\jersyRestApi\src\main\resources
2016-04-28 22:34:53,259 [Worker-0] WARN  o.e.m.c.i.embedder.EclipseLogger - Using platform encoding (Cp1252 actually) to copy filtered resources, i.e. build is platform dependent!
2016-04-28 22:34:53,259 [Worker-0] INFO  o.e.m.c.i.embedder.EclipseLogger - skip non existing resourceDirectory D:\rama\rama\project-templates\jersy-restproject\jersySpringSqliteRestApi\target\m2e-wtp\web-resources\META-INF\maven\com.sn\jersyRestApi\src\test\resources
2016-04-28 22:34:53,259 [Worker-0] INFO  o.e.m.w.i.f.ResourceFilteringBuildParticipant - Changed resources require a complete clean of filtered resources of jersySpingSqlliteRestApi
2016-04-28 22:34:53,259 [Worker-0] INFO  o.e.m.w.i.f.ResourceFilteringBuildParticipant - Executing resource filtering for jersySpingSqlliteRestApi
2016-04-28 22:34:53,275 [Worker-0] WARN  o.e.m.c.i.embedder.EclipseLogger - Using platform encoding (Cp1252 actually) to copy filtered resources, i.e. build is platform dependent!
2016-04-28 22:38:35,799 [Worker-6] INFO  o.e.m.c.i.l.LifecycleMappingFactory - Using org.maven.ide.eclipse.wtp.WarLifecycleMapping lifecycle mapping for MavenProject: com.sn:jersySpingRestApiEmbededJetty:0.0.1-SNAPSHOT @ D:\rama\rama\project-templates\workspace\OrderManagment\pom.xml.
2016-04-28 22:38:35,877 [Worker-6] WARN  o.e.m.c.i.embedder.EclipseLogger - Using platform encoding (Cp1252 actually) to copy filtered resources, i.e. build is platform dependent!
2016-04-28 22:38:35,892 [Worker-6] INFO  o.e.m.c.i.embedder.EclipseLogger - skip non existing resourceDirectory D:\rama\rama\project-templates\workspace\OrderManagment\src\main\resources
2016-04-28 22:38:35,892 [Worker-6] WARN  o.e.m.c.i.embedder.EclipseLogger - Using platform encoding (Cp1252 actually) to copy filtered resources, i.e. build is platform dependent!
2016-04-28 22:38:35,908 [Worker-6] INFO  o.e.m.c.i.embedder.EclipseLogger - skip non existing resourceDirectory D:\rama\rama\project-templates\workspace\OrderManagment\src\test\resources
2016-04-28 22:38:36,684 [Worker-9] INFO  o.e.m.c.i.l.LifecycleMappingFactory - Using org.maven.ide.eclipse.wtp.WarLifecycleMapping lifecycle mapping for MavenProject: com.sn:jersySpingRestApiEmbededJetty:0.0.1-SNAPSHOT @ D:\rama\rama\project-templates\workspace\OrderManagment\pom.xml.
2016-04-28 22:38:36,982 [Worker-8] WARN  o.e.m.c.i.embedder.EclipseLogger - Using platform encoding (Cp1252 actually) to copy filtered resources, i.e. build is platform dependent!
2016-04-28 22:38:36,986 [Worker-8] INFO  o.e.m.c.i.embedder.EclipseLogger - skip non existing resourceDirectory D:\rama\rama\project-templates\workspace\OrderManagment\src\main\resources
2016-04-28 22:38:36,986 [Worker-8] WARN  o.e.m.c.i.embedder.EclipseLogger - Using platform encoding (Cp1252 actually) to copy filtered resources, i.e. build is platform dependent!
2016-04-28 22:38:37,002 [Worker-8] INFO  o.e.m.c.i.embedder.EclipseLogger - skip non existing resourceDirectory D:\rama\rama\project-templates\workspace\OrderManagment\src\test\resources
2016-04-28 22:39:06,045 [Worker-2] INFO  o.e.m.c.i.l.LifecycleMappingFactory - Using org.maven.ide.eclipse.wtp.WarLifecycleMapping lifecycle mapping for MavenProject: com.rama:orderManagement:0.0.1-SNAPSHOT @ D:\rama\rama\project-templates\workspace\OrderManagment\pom.xml.
2016-04-28 22:39:06,147 [Worker-2] WARN  o.e.m.c.i.embedder.EclipseLogger - Using platform encoding (Cp1252 actually) to copy filtered resources, i.e. build is platform dependent!
2016-04-28 22:39:06,147 [Worker-2] INFO  o.e.m.c.i.embedder.EclipseLogger - skip non existing resourceDirectory D:\rama\rama\project-templates\workspace\OrderManagment\src\main\resources
2016-04-28 22:39:06,147 [Worker-2] WARN  o.e.m.c.i.embedder.EclipseLogger - Using platform encoding (Cp1252 actually) to copy filtered resources, i.e. build is platform dependent!
2016-04-28 22:39:06,162 [Worker-2] INFO  o.e.m.c.i.embedder.EclipseLogger - skip non existing resourceDirectory D:\rama\rama\project-templates\workspace\OrderManagment\src\test\resources
2016-04-28 22:39:06,162 [Worker-2] INFO  o.e.m.w.i.f.ResourceFilteringBuildParticipant - Changed resources require a complete clean of filtered resources of OrderManagment
2016-04-28 22:39:06,162 [Worker-2] INFO  o.e.m.w.i.f.ResourceFilteringBuildParticipant - Executing resource filtering for OrderManagment
2016-04-28 22:39:06,162 [Worker-2] WARN  o.e.m.c.i.embedder.EclipseLogger - Using platform encoding (Cp1252 actually) to copy filtered resources, i.e. build is platform dependent!
2016-04-28 22:39:16,871 [Worker-1] INFO  o.e.m.c.i.l.LifecycleMappingFactory - Using org.maven.ide.eclipse.wtp.WarLifecycleMapping lifecycle mapping for MavenProject: com.im:orderManagement:0.0.1-SNAPSHOT @ D:\rama\rama\project-templates\workspace\OrderManagment\pom.xml.
2016-04-28 22:39:16,965 [Worker-1] WARN  o.e.m.c.i.embedder.EclipseLogger - Using platform encoding (Cp1252 actually) to copy filtered resources, i.e. build is platform dependent!
2016-04-28 22:39:16,981 [Worker-1] INFO  o.e.m.c.i.embedder.EclipseLogger - skip non existing resourceDirectory D:\rama\rama\project-templates\workspace\OrderManagment\src\main\resources
2016-04-28 22:39:16,981 [Worker-1] WARN  o.e.m.c.i.embedder.EclipseLogger - Using platform encoding (Cp1252 actually) to copy filtered resources, i.e. build is platform dependent!
2016-04-28 22:39:16,981 [Worker-1] INFO  o.e.m.c.i.embedder.EclipseLogger - skip non existing resourceDirectory D:\rama\rama\project-templates\workspace\OrderManagment\src\test\resources
2016-04-28 22:39:16,981 [Worker-1] INFO  o.e.m.w.i.f.ResourceFilteringBuildParticipant - Changed resources require a complete clean of filtered resources of OrderManagment
2016-04-28 22:39:16,981 [Worker-1] INFO  o.e.m.w.i.f.ResourceFilteringBuildParticipant - Executing resource filtering for OrderManagment
2016-04-28 22:39:16,981 [Worker-1] WARN  o.e.m.c.i.embedder.EclipseLogger - Using platform encoding (Cp1252 actually) to copy filtered resources, i.e. build is platform dependent!
2016-04-28 22:41:20,843 [Worker-2] WARN  o.e.m.c.i.embedder.EclipseLogger - Using platform encoding (Cp1252 actually) to copy filtered resources, i.e. build is platform dependent!
2016-04-28 22:41:20,859 [Worker-2] INFO  o.e.m.c.i.embedder.EclipseLogger - Copying 1 resource
2016-04-28 22:41:20,859 [Worker-2] WARN  o.e.m.c.i.embedder.EclipseLogger - Using platform encoding (Cp1252 actually) to copy filtered resources, i.e. build is platform dependent!
2016-04-28 22:41:20,875 [Worker-2] INFO  o.e.m.c.i.embedder.EclipseLogger - skip non existing resourceDirectory D:\rama\rama\project-templates\jersy-restproject\jersyRestApi\target\m2e-wtp\web-resources\META-INF\maven\com.sn\jersyRestApi\src\test\resources
2016-04-28 22:41:50,972 [Worker-0] WARN  o.e.m.c.i.embedder.EclipseLogger - Using platform encoding (Cp1252 actually) to copy filtered resources, i.e. build is platform dependent!
2016-04-28 22:41:50,972 [Worker-0] INFO  o.e.m.c.i.embedder.EclipseLogger - skip non existing resourceDirectory D:\rama\rama\project-templates\jersy-restproject\jersySpringSqliteRestApi\target\m2e-wtp\web-resources\META-INF\maven\com.sn\jersyRestApi\src\main\resources
2016-04-28 22:41:50,972 [Worker-0] WARN  o.e.m.c.i.embedder.EclipseLogger - Using platform encoding (Cp1252 actually) to copy filtered resources, i.e. build is platform dependent!
2016-04-28 22:41:50,988 [Worker-0] INFO  o.e.m.c.i.embedder.EclipseLogger - skip non existing resourceDirectory D:\rama\rama\project-templates\jersy-restproject\jersySpringSqliteRestApi\target\m2e-wtp\web-resources\META-INF\maven\com.sn\jersyRestApi\src\test\resources
2016-04-28 22:42:03,661 [Worker-8] WARN  o.e.m.c.i.embedder.EclipseLogger - Using platform encoding (Cp1252 actually) to copy filtered resources, i.e. build is platform dependent!
2016-04-28 22:42:03,661 [Worker-8] INFO  o.e.m.c.i.embedder.EclipseLogger - Copying 1 resource
2016-04-28 22:42:03,661 [Worker-8] WARN  o.e.m.c.i.embedder.EclipseLogger - Using platform encoding (Cp1252 actually) to copy filtered resources, i.e. build is platform dependent!
2016-04-28 22:42:03,661 [Worker-8] INFO  o.e.m.c.i.embedder.EclipseLogger - skip non existing resourceDirectory D:\rama\rama\project-templates\jersy-restproject\jersySpringSqliteRestApi\target\m2e-wtp\web-resources\META-INF\maven\com.sn\jersyRestApi\src\test\resources
2016-04-28 22:42:09,533 [Worker-1] WARN  o.e.m.c.i.embedder.EclipseLogger - Using platform encoding (Cp1252 actually) to copy filtered resources, i.e. build is platform dependent!
2016-04-28 22:42:09,549 [Worker-1] INFO  o.e.m.c.i.embedder.EclipseLogger - Copying 1 resource
2016-04-28 22:42:09,549 [Worker-1] WARN  o.e.m.c.i.embedder.EclipseLogger - Using platform encoding (Cp1252 actually) to copy filtered resources, i.e. build is platform dependent!
2016-04-28 22:42:09,549 [Worker-1] INFO  o.e.m.c.i.embedder.EclipseLogger - skip non existing resourceDirectory D:\rama\rama\project-templates\workspace\OrderManagment\src\test\resources
2016-04-28 22:42:23,572 [Worker-10] WARN  o.e.m.c.i.embedder.EclipseLogger - Using platform encoding (Cp1252 actually) to copy filtered resources, i.e. build is platform dependent!
2016-04-28 22:42:23,588 [Worker-10] INFO  o.e.m.c.i.embedder.EclipseLogger - Copying 1 resource
2016-04-28 22:42:23,588 [Worker-10] WARN  o.e.m.c.i.embedder.EclipseLogger - Using platform encoding (Cp1252 actually) to copy filtered resources, i.e. build is platform dependent!
2016-04-28 22:42:23,588 [Worker-10] INFO  o.e.m.c.i.embedder.EclipseLogger - skip non existing resourceDirectory D:\rama\rama\project-templates\jersy-restproject\jersyRestApiEmbeddedJetty\target\m2e-wtp\web-resources\META-INF\maven\com.sn\jersyRestApi\src\test\resources
2016-04-28 22:44:38,625 [Worker-0] INFO  o.e.m.c.i.l.LifecycleMappingFactory - Using org.maven.ide.eclipse.wtp.WarLifecycleMapping lifecycle mapping for MavenProject: com.im:jersySpringRestApi:0.0.1-SNAPSHOT @ D:\rama\rama\project-templates\jersy-restproject\jersyRestApi\target\m2e-wtp\web-resources\META-INF\maven\com.sn\jersyRestApi\pom.xml.
2016-04-28 22:44:38,793 [Worker-0] WARN  o.e.m.c.i.embedder.EclipseLogger - Using platform encoding (Cp1252 actually) to copy filtered resources, i.e. build is platform dependent!
2016-04-28 22:44:38,801 [Worker-0] INFO  o.e.m.c.i.embedder.EclipseLogger - Copying 0 resource
2016-04-28 22:44:38,801 [Worker-0] WARN  o.e.m.c.i.embedder.EclipseLogger - Using platform encoding (Cp1252 actually) to copy filtered resources, i.e. build is platform dependent!
2016-04-28 22:44:38,805 [Worker-0] INFO  o.e.m.c.i.embedder.EclipseLogger - skip non existing resourceDirectory D:\rama\rama\project-templates\jersy-restproject\jersyRestApi\target\m2e-wtp\web-resources\META-INF\maven\com.sn\jersyRestApi\src\test\resources
2016-04-28 22:44:38,805 [Worker-0] INFO  o.e.m.w.i.f.ResourceFilteringBuildParticipant - Changed resources require a complete clean of filtered resources of jersySpingRestApi
2016-04-28 22:44:38,805 [Worker-0] INFO  o.e.m.w.i.f.ResourceFilteringBuildParticipant - Executing resource filtering for jersySpingRestApi
2016-04-28 22:44:38,813 [Worker-0] WARN  o.e.m.c.i.embedder.EclipseLogger - Using platform encoding (Cp1252 actually) to copy filtered resources, i.e. build is platform dependent!
2016-04-28 22:44:49,670 [Worker-2] INFO  o.e.m.c.i.l.LifecycleMappingFactory - Using org.maven.ide.eclipse.wtp.WarLifecycleMapping lifecycle mapping for MavenProject: com.im:jersySpringSqliteRestApi:0.0.1-SNAPSHOT @ D:\rama\rama\project-templates\jersy-restproject\jersySpringSqliteRestApi\target\m2e-wtp\web-resources\META-INF\maven\com.sn\jersyRestApi\pom.xml.
2016-04-28 22:44:49,738 [Worker-2] WARN  o.e.m.c.i.embedder.EclipseLogger - Using platform encoding (Cp1252 actually) to copy filtered resources, i.e. build is platform dependent!
2016-04-28 22:44:49,742 [Worker-2] INFO  o.e.m.c.i.embedder.EclipseLogger - Copying 0 resource
2016-04-28 22:44:49,746 [Worker-2] WARN  o.e.m.c.i.embedder.EclipseLogger - Using platform encoding (Cp1252 actually) to copy filtered resources, i.e. build is platform dependent!
2016-04-28 22:44:49,754 [Worker-2] INFO  o.e.m.c.i.embedder.EclipseLogger - skip non existing resourceDirectory D:\rama\rama\project-templates\jersy-restproject\jersySpringSqliteRestApi\target\m2e-wtp\web-resources\META-INF\maven\com.sn\jersyRestApi\src\test\resources
2016-04-28 22:44:49,754 [Worker-2] INFO  o.e.m.w.i.f.ResourceFilteringBuildParticipant - Changed resources require a complete clean of filtered resources of jersySpingSqlliteRestApi
2016-04-28 22:44:49,754 [Worker-2] INFO  o.e.m.w.i.f.ResourceFilteringBuildParticipant - Executing resource filtering for jersySpingSqlliteRestApi
2016-04-28 22:44:49,754 [Worker-2] WARN  o.e.m.c.i.embedder.EclipseLogger - Using platform encoding (Cp1252 actually) to copy filtered resources, i.e. build is platform dependent!
2016-04-28 22:47:04,339 [Worker-9] INFO  o.e.m.c.i.l.LifecycleMappingFactory - Using org.maven.ide.eclipse.wtp.WarLifecycleMapping lifecycle mapping for MavenProject: com.im:orderManagement:0.0.1-SNAPSHOT @ D:\rama\rama\project-templates\OrderManagment\pom.xml.
2016-04-28 22:47:04,417 [Worker-9] INFO  o.e.m.j.i.AbstractJavaProjectConfigurator - Adding source folder /orderManagement/src/main/java
2016-04-28 22:47:04,417 [Worker-9] INFO  o.e.m.j.i.AbstractJavaProjectConfigurator - Adding resource folder /orderManagement/src/main/resources
2016-04-28 22:47:04,417 [Worker-9] INFO  o.e.m.j.i.AbstractJavaProjectConfigurator - Adding source folder /orderManagement/src/test/java
2016-04-28 22:47:04,532 [Worker-9] INFO  o.e.m.c.i.p.ProjectConfigurationManager - Imported and configured 1 project(s) in 0 sec
2016-04-28 22:47:04,938 [Worker-10] INFO  o.e.m.c.i.l.LifecycleMappingFactory - Using org.maven.ide.eclipse.wtp.WarLifecycleMapping lifecycle mapping for MavenProject: com.im:orderManagement:0.0.1-SNAPSHOT @ D:\rama\rama\project-templates\OrderManagment\pom.xml.
2016-04-28 22:47:05,001 [Worker-10] WARN  o.e.m.c.i.embedder.EclipseLogger - Using platform encoding (Cp1252 actually) to copy filtered resources, i.e. build is platform dependent!
2016-04-28 22:47:05,016 [Worker-10] INFO  o.e.m.c.i.embedder.EclipseLogger - Copying 1 resource
2016-04-28 22:47:05,016 [Worker-10] WARN  o.e.m.c.i.embedder.EclipseLogger - Using platform encoding (Cp1252 actually) to copy filtered resources, i.e. build is platform dependent!
2016-04-28 22:47:05,016 [Worker-10] INFO  o.e.m.c.i.embedder.EclipseLogger - skip non existing resourceDirectory D:\rama\rama\project-templates\OrderManagment\src\test\resources
2016-04-28 22:47:05,343 [Worker-1] INFO  o.e.m.c.i.l.LifecycleMappingFactory - Using org.maven.ide.eclipse.wtp.WarLifecycleMapping lifecycle mapping for MavenProject: com.im:orderManagement:0.0.1-SNAPSHOT @ D:\rama\rama\project-templates\OrderManagment\pom.xml.
2016-04-28 22:47:06,094 [Worker-6] WARN  o.e.m.c.i.embedder.EclipseLogger - Using platform encoding (Cp1252 actually) to copy filtered resources, i.e. build is platform dependent!
2016-04-28 22:47:06,094 [Worker-6] INFO  o.e.m.c.i.embedder.EclipseLogger - Copying 0 resource
2016-04-28 22:47:06,110 [Worker-6] WARN  o.e.m.c.i.embedder.EclipseLogger - Using platform encoding (Cp1252 actually) to copy filtered resources, i.e. build is platform dependent!
2016-04-28 22:47:06,110 [Worker-6] INFO  o.e.m.c.i.embedder.EclipseLogger - skip non existing resourceDirectory D:\rama\rama\project-templates\OrderManagment\src\test\resources
